{
  "RSpec": {
    "coverage": {
      "/home/tyler/Documents/SELT/HW5/app/controllers/application_controller.rb": [
        1,
        1,
        null
      ],
      "/home/tyler/Documents/SELT/HW5/app/helpers/application_helper.rb": [
        1,
        null
      ],
      "/home/tyler/Documents/SELT/HW5/app/helpers/movies_helper.rb": [
        1,
        null,
        1,
        0,
        null,
        null
      ],
      "/home/tyler/Documents/SELT/HW5/app/controllers/movies_controller.rb": [
        1,
        null,
        1,
        0,
        0,
        null,
        null,
        null,
        1,
        0,
        0,
        null,
        0,
        null,
        0,
        null,
        0,
        0,
        null,
        0,
        0,
        null,
        null,
        0,
        0,
        0,
        0,
        null,
        0,
        null,
        null,
        1,
        null,
        null,
        null,
        1,
        0,
        0,
        0,
        null,
        null,
        1,
        0,
        null,
        null,
        1,
        0,
        0,
        0,
        0,
        null,
        null,
        1,
        0,
        0,
        0,
        0,
        null,
        null,
        1,
        7,
        2,
        2,
        null,
        5,
        5,
        5,
        2,
        2,
        null,
        null,
        null,
        null,
        1,
        0,
        0,
        null,
        0,
        0,
        null,
        0,
        null,
        0,
        null,
        null
      ],
      "/home/tyler/Documents/SELT/HW5/app/models/movie.rb": [
        1,
        null,
        1,
        null,
        1,
        0,
        null,
        null,
        1,
        0,
        null,
        0,
        null,
        0,
        0,
        0,
        0,
        0,
        null,
        null,
        0,
        null,
        0,
        null,
        null,
        1,
        0,
        0,
        0,
        0,
        0,
        0,
        null,
        null,
        0,
        0,
        null,
        0,
        null,
        null
      ]
    },
    "timestamp": 1414380290
  }
}
